# JRE version: 7.0_21-b11
# Java VM: Java HotSpot(TM) 64-Bit Server VM (23.21-b01 mixed mode windows-amd64 compressed oops)
Heap
 par new generation   total 200192K, used 128397K [0x000000060dc00000, 0x0000000620130000, 0x00000006228c0000)
  eden space 100160K,  88% used [0x000000060dc00000, 0x00000006132d5fe8, 0x0000000613dd0000)
  from space 100032K,  39% used [0x0000000619f80000, 0x000000061c60d570, 0x0000000620130000)
  to   space 100032K,   0% used [0x0000000613dd0000, 0x0000000613dd0000, 0x0000000619f80000)
 concurrent mark-sweep generation total 600288K, used 529551K [0x00000006228c0000, 0x00000006472f8000, 0x00000007c0000000)
 concurrent-mark-sweep perm gen total 262144K, used 88121K [0x00000007c0000000, 0x00000007d0000000, 0x0000000800000000)
GC Heap History (10 events):
Event: 171.879 GC heap before
{Heap before GC invocations=188 (full 6):
 par new generation   total 200192K, used 102802K [0x000000060dc00000, 0x0000000620130000, 0x00000006228c0000)
  eden space 100160K, 100% used [0x000000060dc00000, 0x0000000613dd0000, 0x0000000613dd0000)
  from space 100032K,   2% used [0x0000000613dd0000, 0x0000000614064aa0, 0x0000000619f80000)
  to   space 100032K,   0% used [0x0000000619f80000, 0x0000000619f80000, 0x0000000620130000)
 concurrent mark-sweep generation total 600288K, used 529482K [0x00000006228c0000, 0x00000006472f8000, 0x00000007c0000000)
 concurrent-mark-sweep perm gen total 262144K, used 87456K [0x00000007c0000000, 0x00000007d0000000, 0x0000000800000000)
Event: 171.884 GC heap after
Heap after GC invocations=189 (full 6):
 par new generation   total 200192K, used 670K [0x000000060dc00000, 0x0000000620130000, 0x00000006228c0000)
  eden space 100160K,   0% used [0x000000060dc00000, 0x000000060dc00000, 0x0000000613dd0000)
  from space 100032K,   0% used [0x0000000619f80000, 0x000000061a027ac0, 0x0000000620130000)
  to   space 100032K,   0% used [0x0000000613dd0000, 0x0000000613dd0000, 0x0000000619f80000)
 concurrent mark-sweep generation total 600288K, used 529510K [0x00000006228c0000, 0x00000006472f8000, 0x00000007c0000000)
 concurrent-mark-sweep perm gen total 262144K, used 87456K [0x00000007c0000000, 0x00000007d0000000, 0x0000000800000000)
}
Event: 178.937 GC heap before
{Heap before GC invocations=189 (full 6):
 par new generation   total 200192K, used 100830K [0x000000060dc00000, 0x0000000620130000, 0x00000006228c0000)
  eden space 100160K, 100% used [0x000000060dc00000, 0x0000000613dd0000, 0x0000000613dd0000)
  from space 100032K,   0% used [0x0000000619f80000, 0x000000061a027ac0, 0x0000000620130000)
  to   space 100032K,   0% used [0x0000000613dd0000, 0x0000000613dd0000, 0x0000000619f80000)
 concurrent mark-sweep generation total 600288K, used 529510K [0x00000006228c0000, 0x00000006472f8000, 0x00000007c0000000)
 concurrent-mark-sweep perm gen total 262144K, used 87474K [0x00000007c0000000, 0x00000007d0000000, 0x0000000800000000)
Event: 178.953 GC heap after
Heap after GC invocations=190 (full 6):
 par new generation   total 200192K, used 9685K [0x000000060dc00000, 0x0000000620130000, 0x00000006228c0000)
  eden space 100160K,   0% used [0x000000060dc00000, 0x000000060dc00000, 0x0000000613dd0000)
  from space 100032K,   9% used [0x0000000613dd0000, 0x0000000614745450, 0x0000000619f80000)
  to   space 100032K,   0% used [0x0000000619f80000, 0x0000000619f80000, 0x0000000620130000)
 concurrent mark-sweep generation total 600288K, used 529546K [0x00000006228c0000, 0x00000006472f8000, 0x00000007c0000000)
 concurrent-mark-sweep perm gen total 262144K, used 87474K [0x00000007c0000000, 0x00000007d0000000, 0x0000000800000000)
}
Event: 183.520 GC heap before
{Heap before GC invocations=190 (full 6):
 par new generation   total 200192K, used 109845K [0x000000060dc00000, 0x0000000620130000, 0x00000006228c0000)
  eden space 100160K, 100% used [0x000000060dc00000, 0x0000000613dd0000, 0x0000000613dd0000)
  from space 100032K,   9% used [0x0000000613dd0000, 0x0000000614745450, 0x0000000619f80000)
  to   space 100032K,   0% used [0x0000000619f80000, 0x0000000619f80000, 0x0000000620130000)
 concurrent mark-sweep generation total 600288K, used 529546K [0x00000006228c0000, 0x00000006472f8000, 0x00000007c0000000)
 concurrent-mark-sweep perm gen total 262144K, used 87515K [0x00000007c0000000, 0x00000007d0000000, 0x0000000800000000)
Event: 183.536 GC heap after
Heap after GC invocations=191 (full 6):
 par new generation   total 200192K, used 15984K [0x000000060dc00000, 0x0000000620130000, 0x00000006228c0000)
  eden space 100160K,   0% used [0x000000060dc00000, 0x000000060dc00000, 0x0000000613dd0000)
  from space 100032K,  15% used [0x0000000619f80000, 0x000000061af1c238, 0x0000000620130000)
  to   space 100032K,   0% used [0x0000000613dd0000, 0x0000000613dd0000, 0x0000000619f80000)
 concurrent mark-sweep generation total 600288K, used 529548K [0x00000006228c0000, 0x00000006472f8000, 0x00000007c0000000)
 concurrent-mark-sweep perm gen total 262144K, used 87515K [0x00000007c0000000, 0x00000007d0000000, 0x0000000800000000)
}
Event: 186.262 GC heap before
{Heap before GC invocations=191 (full 6):
 par new generation   total 200192K, used 115760K [0x000000060dc00000, 0x0000000620130000, 0x00000006228c0000)
  eden space 100160K,  99% used [0x000000060dc00000, 0x0000000613d6feb0, 0x0000000613dd0000)
  from space 100032K,  15% used [0x0000000619f80000, 0x000000061af1c238, 0x0000000620130000)
  to   space 100032K,   0% used [0x0000000613dd0000, 0x0000000613dd0000, 0x0000000619f80000)
 concurrent mark-sweep generation total 600288K, used 529548K [0x00000006228c0000, 0x00000006472f8000, 0x00000007c0000000)
 concurrent-mark-sweep perm gen total 262144K, used 87745K [0x00000007c0000000, 0x00000007d0000000, 0x0000000800000000)
Event: 186.282 GC heap after
Heap after GC invocations=192 (full 6):
 par new generation   total 200192K, used 22867K [0x000000060dc00000, 0x0000000620130000, 0x00000006228c0000)
  eden space 100160K,   0% used [0x000000060dc00000, 0x000000060dc00000, 0x0000000613dd0000)
  from space 100032K,  22% used [0x0000000613dd0000, 0x0000000615424d38, 0x0000000619f80000)
  to   space 100032K,   0% used [0x0000000619f80000, 0x0000000619f80000, 0x0000000620130000)
 concurrent mark-sweep generation total 600288K, used 529551K [0x00000006228c0000, 0x00000006472f8000, 0x00000007c0000000)
 concurrent-mark-sweep perm gen total 262144K, used 87745K [0x00000007c0000000, 0x00000007d0000000, 0x0000000800000000)
}
Event: 187.612 GC heap before
{Heap before GC invocations=192 (full 6):
 par new generation   total 200192K, used 122989K [0x000000060dc00000, 0x0000000620130000, 0x00000006228c0000)
  eden space 100160K,  99% used [0x000000060dc00000, 0x0000000613dc68b0, 0x0000000613dd0000)
  from space 100032K,  22% used [0x0000000613dd0000, 0x0000000615424d38, 0x0000000619f80000)
  to   space 100032K,   0% used [0x0000000619f80000, 0x0000000619f80000, 0x0000000620130000)
 concurrent mark-sweep generation total 600288K, used 529551K [0x00000006228c0000, 0x00000006472f8000, 0x00000007c0000000)
 concurrent-mark-sweep perm gen total 262144K, used 88036K [0x00000007c0000000, 0x00000007d0000000, 0x0000000800000000)
Event: 187.633 GC heap after
Heap after GC invocations=193 (full 6):
 par new generation   total 200192K, used 39477K [0x000000060dc00000, 0x0000000620130000, 0x00000006228c0000)
  eden space 100160K,   0% used [0x000000060dc00000, 0x000000060dc00000, 0x0000000613dd0000)
  from space 100032K,  39% used [0x0000000619f80000, 0x000000061c60d570, 0x0000000620130000)
  to   space 100032K,   0% used [0x0000000613dd0000, 0x0000000613dd0000, 0x0000000619f80000)
 concurrent mark-sweep generation total 600288K, used 529551K [0x00000006228c0000, 0x00000006472f8000, 0x00000007c0000000)
 concurrent-mark-sweep perm gen total 262144K, used 88036K [0x00000007c0000000, 0x00000007d0000000, 0x0000000800000000)
}

