# JRE version: 7.0_21-b11
# Java VM: Java HotSpot(TM) 64-Bit Server VM (23.21-b01 mixed mode windows-amd64 compressed oops)
Heap
 par new generation   total 200192K, used 47638K [0x000000060dc00000, 0x0000000620130000, 0x00000006228c0000)
  eden space 100160K,  26% used [0x000000060dc00000, 0x000000060f6432c8, 0x0000000613dd0000)
  from space 100032K,  20% used [0x0000000613dd0000, 0x0000000615212670, 0x0000000619f80000)
  to   space 100032K,   0% used [0x0000000619f80000, 0x0000000619f80000, 0x0000000620130000)
 concurrent mark-sweep generation total 600292K, used 523388K [0x00000006228c0000, 0x00000006472f9000, 0x00000007c0000000)
 concurrent-mark-sweep perm gen total 262144K, used 87575K [0x00000007c0000000, 0x00000007d0000000, 0x0000000800000000)
GC Heap History (10 events):
Event: 341.644 GC heap before
{Heap before GC invocations=181 (full 6):
 par new generation   total 200192K, used 125509K [0x000000060dc00000, 0x0000000620130000, 0x00000006228c0000)
  eden space 100160K, 100% used [0x000000060dc00000, 0x0000000613dd0000, 0x0000000613dd0000)
  from space 100032K,  25% used [0x0000000619f80000, 0x000000061b841648, 0x0000000620130000)
  to   space 100032K,   0% used [0x0000000613dd0000, 0x0000000613dd0000, 0x0000000619f80000)
 concurrent mark-sweep generation total 600292K, used 510371K [0x00000006228c0000, 0x00000006472f9000, 0x00000007c0000000)
 concurrent-mark-sweep perm gen total 262144K, used 87052K [0x00000007c0000000, 0x00000007d0000000, 0x0000000800000000)
Event: 341.667 GC heap after
Heap after GC invocations=182 (full 6):
 par new generation   total 200192K, used 24331K [0x000000060dc00000, 0x0000000620130000, 0x00000006228c0000)
  eden space 100160K,   0% used [0x000000060dc00000, 0x000000060dc00000, 0x0000000613dd0000)
  from space 100032K,  24% used [0x0000000613dd0000, 0x0000000615592cb0, 0x0000000619f80000)
  to   space 100032K,   0% used [0x0000000619f80000, 0x0000000619f80000, 0x0000000620130000)
 concurrent mark-sweep generation total 600292K, used 514166K [0x00000006228c0000, 0x00000006472f9000, 0x00000007c0000000)
 concurrent-mark-sweep perm gen total 262144K, used 87052K [0x00000007c0000000, 0x00000007d0000000, 0x0000000800000000)
}
Event: 344.778 GC heap before
{Heap before GC invocations=182 (full 6):
 par new generation   total 200192K, used 124491K [0x000000060dc00000, 0x0000000620130000, 0x00000006228c0000)
  eden space 100160K, 100% used [0x000000060dc00000, 0x0000000613dd0000, 0x0000000613dd0000)
  from space 100032K,  24% used [0x0000000613dd0000, 0x0000000615592cb0, 0x0000000619f80000)
  to   space 100032K,   0% used [0x0000000619f80000, 0x0000000619f80000, 0x0000000620130000)
 concurrent mark-sweep generation total 600292K, used 514166K [0x00000006228c0000, 0x00000006472f9000, 0x00000007c0000000)
 concurrent-mark-sweep perm gen total 262144K, used 87320K [0x00000007c0000000, 0x00000007d0000000, 0x0000000800000000)
Event: 344.802 GC heap after
Heap after GC invocations=183 (full 6):
 par new generation   total 200192K, used 24934K [0x000000060dc00000, 0x0000000620130000, 0x00000006228c0000)
  eden space 100160K,   0% used [0x000000060dc00000, 0x000000060dc00000, 0x0000000613dd0000)
  from space 100032K,  24% used [0x0000000619f80000, 0x000000061b7d9be8, 0x0000000620130000)
  to   space 100032K,   0% used [0x0000000613dd0000, 0x0000000613dd0000, 0x0000000619f80000)
 concurrent mark-sweep generation total 600292K, used 516101K [0x00000006228c0000, 0x00000006472f9000, 0x00000007c0000000)
 concurrent-mark-sweep perm gen total 262144K, used 87320K [0x00000007c0000000, 0x00000007d0000000, 0x0000000800000000)
}
Event: 348.076 GC heap before
{Heap before GC invocations=183 (full 6):
 par new generation   total 200192K, used 125094K [0x000000060dc00000, 0x0000000620130000, 0x00000006228c0000)
  eden space 100160K, 100% used [0x000000060dc00000, 0x0000000613dd0000, 0x0000000613dd0000)
  from space 100032K,  24% used [0x0000000619f80000, 0x000000061b7d9be8, 0x0000000620130000)
  to   space 100032K,   0% used [0x0000000613dd0000, 0x0000000613dd0000, 0x0000000619f80000)
 concurrent mark-sweep generation total 600292K, used 516101K [0x00000006228c0000, 0x00000006472f9000, 0x00000007c0000000)
 concurrent-mark-sweep perm gen total 262144K, used 87450K [0x00000007c0000000, 0x00000007d0000000, 0x0000000800000000)
Event: 348.100 GC heap after
Heap after GC invocations=184 (full 6):
 par new generation   total 200192K, used 22680K [0x000000060dc00000, 0x0000000620130000, 0x00000006228c0000)
  eden space 100160K,   0% used [0x000000060dc00000, 0x000000060dc00000, 0x0000000613dd0000)
  from space 100032K,  22% used [0x0000000613dd0000, 0x00000006153f6060, 0x0000000619f80000)
  to   space 100032K,   0% used [0x0000000619f80000, 0x0000000619f80000, 0x0000000620130000)
 concurrent mark-sweep generation total 600292K, used 518586K [0x00000006228c0000, 0x00000006472f9000, 0x00000007c0000000)
 concurrent-mark-sweep perm gen total 262144K, used 87450K [0x00000007c0000000, 0x00000007d0000000, 0x0000000800000000)
}
Event: 349.629 GC heap before
{Heap before GC invocations=184 (full 6):
 par new generation   total 200192K, used 122840K [0x000000060dc00000, 0x0000000620130000, 0x00000006228c0000)
  eden space 100160K, 100% used [0x000000060dc00000, 0x0000000613dd0000, 0x0000000613dd0000)
  from space 100032K,  22% used [0x0000000613dd0000, 0x00000006153f6060, 0x0000000619f80000)
  to   space 100032K,   0% used [0x0000000619f80000, 0x0000000619f80000, 0x0000000620130000)
 concurrent mark-sweep generation total 600292K, used 518586K [0x00000006228c0000, 0x00000006472f9000, 0x00000007c0000000)
 concurrent-mark-sweep perm gen total 262144K, used 87530K [0x00000007c0000000, 0x00000007d0000000, 0x0000000800000000)
Event: 349.652 GC heap after
Heap after GC invocations=185 (full 6):
 par new generation   total 200192K, used 24435K [0x000000060dc00000, 0x0000000620130000, 0x00000006228c0000)
  eden space 100160K,   0% used [0x000000060dc00000, 0x000000060dc00000, 0x0000000613dd0000)
  from space 100032K,  24% used [0x0000000619f80000, 0x000000061b75cf28, 0x0000000620130000)
  to   space 100032K,   0% used [0x0000000613dd0000, 0x0000000613dd0000, 0x0000000619f80000)
 concurrent mark-sweep generation total 600292K, used 521536K [0x00000006228c0000, 0x00000006472f9000, 0x00000007c0000000)
 concurrent-mark-sweep perm gen total 262144K, used 87530K [0x00000007c0000000, 0x00000007d0000000, 0x0000000800000000)
}
Event: 353.887 GC heap before
{Heap before GC invocations=185 (full 6):
 par new generation   total 200192K, used 124595K [0x000000060dc00000, 0x0000000620130000, 0x00000006228c0000)
  eden space 100160K, 100% used [0x000000060dc00000, 0x0000000613dd0000, 0x0000000613dd0000)
  from space 100032K,  24% used [0x0000000619f80000, 0x000000061b75cf28, 0x0000000620130000)
  to   space 100032K,   0% used [0x0000000613dd0000, 0x0000000613dd0000, 0x0000000619f80000)
 concurrent mark-sweep generation total 600292K, used 521536K [0x00000006228c0000, 0x00000006472f9000, 0x00000007c0000000)
 concurrent-mark-sweep perm gen total 262144K, used 87569K [0x00000007c0000000, 0x00000007d0000000, 0x0000000800000000)
Event: 353.910 GC heap after
Heap after GC invocations=186 (full 6):
 par new generation   total 200192K, used 20745K [0x000000060dc00000, 0x0000000620130000, 0x00000006228c0000)
  eden space 100160K,   0% used [0x000000060dc00000, 0x000000060dc00000, 0x0000000613dd0000)
  from space 100032K,  20% used [0x0000000613dd0000, 0x0000000615212670, 0x0000000619f80000)
  to   space 100032K,   0% used [0x0000000619f80000, 0x0000000619f80000, 0x0000000620130000)
 concurrent mark-sweep generation total 600292K, used 523388K [0x00000006228c0000, 0x00000006472f9000, 0x00000007c0000000)
 concurrent-mark-sweep perm gen total 262144K, used 87569K [0x00000007c0000000, 0x00000007d0000000, 0x0000000800000000)
}

