# JRE version: 7.0_21-b11
# Java VM: Java HotSpot(TM) 64-Bit Server VM (23.21-b01 mixed mode windows-amd64 compressed oops)
Heap
 par new generation   total 202624K, used 41734K [0x000000060dc00000, 0x00000006204d0000, 0x00000006228c0000)
  eden space 101312K,  15% used [0x000000060dc00000, 0x000000060eb6fad0, 0x0000000613ef0000)
  from space 101312K,  25% used [0x0000000613ef0000, 0x0000000615841e10, 0x000000061a1e0000)
  to   space 101312K,   0% used [0x000000061a1e0000, 0x000000061a1e0000, 0x00000006204d0000)
 concurrent mark-sweep generation total 607648K, used 249368K [0x00000006228c0000, 0x0000000647a28000, 0x00000007c0000000)
 concurrent-mark-sweep perm gen total 262144K, used 93417K [0x00000007c0000000, 0x00000007d0000000, 0x0000000800000000)
GC Heap History (10 events):
Event: 319.148 GC heap before
{Heap before GC invocations=214 (full 7):
 par new generation   total 202624K, used 120075K [0x000000060dc00000, 0x00000006204d0000, 0x00000006228c0000)
  eden space 101312K, 100% used [0x000000060dc00000, 0x0000000613ef0000, 0x0000000613ef0000)
  from space 101312K,  18% used [0x000000061a1e0000, 0x000000061b432e10, 0x00000006204d0000)
  to   space 101312K,   0% used [0x0000000613ef0000, 0x0000000613ef0000, 0x000000061a1e0000)
 concurrent mark-sweep generation total 607648K, used 239266K [0x00000006228c0000, 0x0000000647a28000, 0x00000007c0000000)
 concurrent-mark-sweep perm gen total 262144K, used 93300K [0x00000007c0000000, 0x00000007d0000000, 0x0000000800000000)
Event: 319.158 GC heap after
Heap after GC invocations=215 (full 7):
 par new generation   total 202624K, used 15110K [0x000000060dc00000, 0x00000006204d0000, 0x00000006228c0000)
  eden space 101312K,   0% used [0x000000060dc00000, 0x000000060dc00000, 0x0000000613ef0000)
  from space 101312K,  14% used [0x0000000613ef0000, 0x0000000614db1ba0, 0x000000061a1e0000)
  to   space 101312K,   0% used [0x000000061a1e0000, 0x000000061a1e0000, 0x00000006204d0000)
 concurrent mark-sweep generation total 607648K, used 239920K [0x00000006228c0000, 0x0000000647a28000, 0x00000007c0000000)
 concurrent-mark-sweep perm gen total 262144K, used 93300K [0x00000007c0000000, 0x00000007d0000000, 0x0000000800000000)
}
Event: 323.923 GC heap before
{Heap before GC invocations=215 (full 7):
 par new generation   total 202624K, used 116422K [0x000000060dc00000, 0x00000006204d0000, 0x00000006228c0000)
  eden space 101312K, 100% used [0x000000060dc00000, 0x0000000613ef0000, 0x0000000613ef0000)
  from space 101312K,  14% used [0x0000000613ef0000, 0x0000000614db1ba0, 0x000000061a1e0000)
  to   space 101312K,   0% used [0x000000061a1e0000, 0x000000061a1e0000, 0x00000006204d0000)
 concurrent mark-sweep generation total 607648K, used 239920K [0x00000006228c0000, 0x0000000647a28000, 0x00000007c0000000)
 concurrent-mark-sweep perm gen total 262144K, used 93321K [0x00000007c0000000, 0x00000007d0000000, 0x0000000800000000)
Event: 323.933 GC heap after
Heap after GC invocations=216 (full 7):
 par new generation   total 202624K, used 16518K [0x000000060dc00000, 0x00000006204d0000, 0x00000006228c0000)
  eden space 101312K,   0% used [0x000000060dc00000, 0x000000060dc00000, 0x0000000613ef0000)
  from space 101312K,  16% used [0x000000061a1e0000, 0x000000061b201bf8, 0x00000006204d0000)
  to   space 101312K,   0% used [0x0000000613ef0000, 0x0000000613ef0000, 0x000000061a1e0000)
 concurrent mark-sweep generation total 607648K, used 242051K [0x00000006228c0000, 0x0000000647a28000, 0x00000007c0000000)
 concurrent-mark-sweep perm gen total 262144K, used 93321K [0x00000007c0000000, 0x00000007d0000000, 0x0000000800000000)
}
Event: 329.154 GC heap before
{Heap before GC invocations=216 (full 7):
 par new generation   total 202624K, used 117828K [0x000000060dc00000, 0x00000006204d0000, 0x00000006228c0000)
  eden space 101312K,  99% used [0x000000060dc00000, 0x0000000613eef6b8, 0x0000000613ef0000)
  from space 101312K,  16% used [0x000000061a1e0000, 0x000000061b201bf8, 0x00000006204d0000)
  to   space 101312K,   0% used [0x0000000613ef0000, 0x0000000613ef0000, 0x000000061a1e0000)
 concurrent mark-sweep generation total 607648K, used 242051K [0x00000006228c0000, 0x0000000647a28000, 0x00000007c0000000)
 concurrent-mark-sweep perm gen total 262144K, used 93336K [0x00000007c0000000, 0x00000007d0000000, 0x0000000800000000)
Event: 329.172 GC heap after
Heap after GC invocations=217 (full 7):
 par new generation   total 202624K, used 21079K [0x000000060dc00000, 0x00000006204d0000, 0x00000006228c0000)
  eden space 101312K,   0% used [0x000000060dc00000, 0x000000060dc00000, 0x0000000613ef0000)
  from space 101312K,  20% used [0x0000000613ef0000, 0x0000000615385ee8, 0x000000061a1e0000)
  to   space 101312K,   0% used [0x000000061a1e0000, 0x000000061a1e0000, 0x00000006204d0000)
 concurrent mark-sweep generation total 607648K, used 245640K [0x00000006228c0000, 0x0000000647a28000, 0x00000007c0000000)
 concurrent-mark-sweep perm gen total 262144K, used 93336K [0x00000007c0000000, 0x00000007d0000000, 0x0000000800000000)
}
Event: 333.397 GC heap before
{Heap before GC invocations=217 (full 7):
 par new generation   total 202624K, used 122391K [0x000000060dc00000, 0x00000006204d0000, 0x00000006228c0000)
  eden space 101312K, 100% used [0x000000060dc00000, 0x0000000613ef0000, 0x0000000613ef0000)
  from space 101312K,  20% used [0x0000000613ef0000, 0x0000000615385ee8, 0x000000061a1e0000)
  to   space 101312K,   0% used [0x000000061a1e0000, 0x000000061a1e0000, 0x00000006204d0000)
 concurrent mark-sweep generation total 607648K, used 245640K [0x00000006228c0000, 0x0000000647a28000, 0x00000007c0000000)
 concurrent-mark-sweep perm gen total 262144K, used 93382K [0x00000007c0000000, 0x00000007d0000000, 0x0000000800000000)
Event: 333.412 GC heap after
Heap after GC invocations=218 (full 7):
 par new generation   total 202624K, used 22194K [0x000000060dc00000, 0x00000006204d0000, 0x00000006228c0000)
  eden space 101312K,   0% used [0x000000060dc00000, 0x000000060dc00000, 0x0000000613ef0000)
  from space 101312K,  21% used [0x000000061a1e0000, 0x000000061b78cb00, 0x00000006204d0000)
  to   space 101312K,   0% used [0x0000000613ef0000, 0x0000000613ef0000, 0x000000061a1e0000)
 concurrent mark-sweep generation total 607648K, used 246152K [0x00000006228c0000, 0x0000000647a28000, 0x00000007c0000000)
 concurrent-mark-sweep perm gen total 262144K, used 93382K [0x00000007c0000000, 0x00000007d0000000, 0x0000000800000000)
}
Event: 339.668 GC heap before
{Heap before GC invocations=218 (full 7):
 par new generation   total 202624K, used 123506K [0x000000060dc00000, 0x00000006204d0000, 0x00000006228c0000)
  eden space 101312K, 100% used [0x000000060dc00000, 0x0000000613ef0000, 0x0000000613ef0000)
  from space 101312K,  21% used [0x000000061a1e0000, 0x000000061b78cb00, 0x00000006204d0000)
  to   space 101312K,   0% used [0x0000000613ef0000, 0x0000000613ef0000, 0x000000061a1e0000)
 concurrent mark-sweep generation total 607648K, used 246152K [0x00000006228c0000, 0x0000000647a28000, 0x00000007c0000000)
 concurrent-mark-sweep perm gen total 262144K, used 93415K [0x00000007c0000000, 0x00000007d0000000, 0x0000000800000000)
Event: 339.683 GC heap after
Heap after GC invocations=219 (full 7):
 par new generation   total 202624K, used 25927K [0x000000060dc00000, 0x00000006204d0000, 0x00000006228c0000)
  eden space 101312K,   0% used [0x000000060dc00000, 0x000000060dc00000, 0x0000000613ef0000)
  from space 101312K,  25% used [0x0000000613ef0000, 0x0000000615841e10, 0x000000061a1e0000)
  to   space 101312K,   0% used [0x000000061a1e0000, 0x000000061a1e0000, 0x00000006204d0000)
 concurrent mark-sweep generation total 607648K, used 249368K [0x00000006228c0000, 0x0000000647a28000, 0x00000007c0000000)
 concurrent-mark-sweep perm gen total 262144K, used 93415K [0x00000007c0000000, 0x00000007d0000000, 0x0000000800000000)
}

